<?xml version="1.0" encoding="UTF-8"?>
<!-- Generated by org.testng.reporters.JUnitReportReporter -->
<testsuite hostname="Amit" failures="0" tests="1" name="QualitykioskTraining.JenkinsDemo.TestAddition" time="0.010" errors="0" timestamp="2021-05-19T09:38:08 IST" skipped="0">
  <testcase classname="QualitykioskTraining.JenkinsDemo.TestAddition" name="TestAdditionWithPositiveNumbers" time="0.010"/>
  <system-out/>
</testsuite> <!-- QualitykioskTraining.JenkinsDemo.TestAddition -->
